  Board.cpp
  Game.cpp
C:\Users\maksk\source\repos\SFML-Checkers\Checkers\Game.cpp(112,72): warning C4244: 'argument': conversion from 'int' to 'T', possible loss of data
C:\Users\maksk\source\repos\SFML-Checkers\Checkers\Game.cpp(112,72): warning C4244:         with
C:\Users\maksk\source\repos\SFML-Checkers\Checkers\Game.cpp(112,72): warning C4244:         [
C:\Users\maksk\source\repos\SFML-Checkers\Checkers\Game.cpp(112,72): warning C4244:             T=float
C:\Users\maksk\source\repos\SFML-Checkers\Checkers\Game.cpp(112,72): warning C4244:         ]
C:\Users\maksk\source\repos\SFML-Checkers\Checkers\Game.cpp(112,64): warning C4244: 'argument': conversion from 'int' to 'T', possible loss of data
C:\Users\maksk\source\repos\SFML-Checkers\Checkers\Game.cpp(112,64): warning C4244:         with
C:\Users\maksk\source\repos\SFML-Checkers\Checkers\Game.cpp(112,64): warning C4244:         [
C:\Users\maksk\source\repos\SFML-Checkers\Checkers\Game.cpp(112,64): warning C4244:             T=float
C:\Users\maksk\source\repos\SFML-Checkers\Checkers\Game.cpp(112,64): warning C4244:         ]
C:\Users\maksk\source\repos\SFML-Checkers\Checkers\Game.cpp(115,66): warning C4244: 'argument': conversion from 'int' to 'T', possible loss of data
C:\Users\maksk\source\repos\SFML-Checkers\Checkers\Game.cpp(115,66): warning C4244:         with
C:\Users\maksk\source\repos\SFML-Checkers\Checkers\Game.cpp(115,66): warning C4244:         [
C:\Users\maksk\source\repos\SFML-Checkers\Checkers\Game.cpp(115,66): warning C4244:             T=float
C:\Users\maksk\source\repos\SFML-Checkers\Checkers\Game.cpp(115,66): warning C4244:         ]
C:\Users\maksk\source\repos\SFML-Checkers\Checkers\Game.cpp(115,58): warning C4244: 'argument': conversion from 'int' to 'T', possible loss of data
C:\Users\maksk\source\repos\SFML-Checkers\Checkers\Game.cpp(115,58): warning C4244:         with
C:\Users\maksk\source\repos\SFML-Checkers\Checkers\Game.cpp(115,58): warning C4244:         [
C:\Users\maksk\source\repos\SFML-Checkers\Checkers\Game.cpp(115,58): warning C4244:             T=float
C:\Users\maksk\source\repos\SFML-Checkers\Checkers\Game.cpp(115,58): warning C4244:         ]
C:\Users\maksk\source\repos\SFML-Checkers\Checkers\Game.cpp(119,70): warning C4244: 'argument': conversion from 'int' to 'T', possible loss of data
C:\Users\maksk\source\repos\SFML-Checkers\Checkers\Game.cpp(119,70): warning C4244:         with
C:\Users\maksk\source\repos\SFML-Checkers\Checkers\Game.cpp(119,70): warning C4244:         [
C:\Users\maksk\source\repos\SFML-Checkers\Checkers\Game.cpp(119,70): warning C4244:             T=float
C:\Users\maksk\source\repos\SFML-Checkers\Checkers\Game.cpp(119,70): warning C4244:         ]
C:\Users\maksk\source\repos\SFML-Checkers\Checkers\Game.cpp(119,62): warning C4244: 'argument': conversion from 'int' to 'T', possible loss of data
C:\Users\maksk\source\repos\SFML-Checkers\Checkers\Game.cpp(119,62): warning C4244:         with
C:\Users\maksk\source\repos\SFML-Checkers\Checkers\Game.cpp(119,62): warning C4244:         [
C:\Users\maksk\source\repos\SFML-Checkers\Checkers\Game.cpp(119,62): warning C4244:             T=float
C:\Users\maksk\source\repos\SFML-Checkers\Checkers\Game.cpp(119,62): warning C4244:         ]
  Generating Code...
  Checkers.vcxproj -> C:\Users\maksk\source\repos\SFML-Checkers\x64\Debug\Checkers.exe
